<?xml version="1.0" encoding="UTF-8"?>
<!-- Generated by org.testng.reporters.JUnitReportReporter -->
<testsuite skipped="0" hostname="Saif-PC" name="com.qa.test.LoginPageTest" tests="1" failures="0" timestamp="29 May 2020 16:45:58 GMT" time="12.911" errors="0">
  <testcase name="loginTest" time="12.911" classname="com.qa.test.LoginPageTest"/>
</testsuite> <!-- com.qa.test.LoginPageTest -->
