<?xml version="1.0" encoding="UTF-8"?>
<!-- Generated by org.testng.reporters.JUnitReportReporter -->
<testsuite skipped="0" hostname="Saif-PC" name="com.qa.test.LoginPageTest" tests="1" failures="0" timestamp="29 May 2020 18:19:47 GMT" time="43.828" errors="0">
  <testcase name="loginTest" time="43.828" classname="com.qa.test.LoginPageTest"/>
</testsuite> <!-- com.qa.test.LoginPageTest -->
